
=============================================
vcfanno version 0.3.5 [built with go1.19.3]

see: https://github.com/brentp/vcfanno
=============================================
vcfanno.go:116: found 2 sources from 1 files
vcfanno.go:146: using 2 worker threads to decompress bgzip file
bix.go:251: chromosome chr1 not found in /home/user2/Desktop/raredisease-dev/reference/grch38_gnomad_reformated_-r3.1.1-.vcf.gz
bix.go:251: chromosome chr1 not found in /home/user2/Desktop/raredisease-dev/reference/grch38_gnomad_reformated_-r3.1.1-.vcf.gz
bix.go:251: chromosome chr1 not found in /home/user2/Desktop/raredisease-dev/reference/grch38_gnomad_reformated_-r3.1.1-.vcf.gz
bix.go:251: chromosome chr1 not found in /home/user2/Desktop/raredisease-dev/reference/grch38_gnomad_reformated_-r3.1.1-.vcf.gz
bix.go:251: chromosome chr1 not found in /home/user2/Desktop/raredisease-dev/reference/grch38_gnomad_reformated_-r3.1.1-.vcf.gz
bix.go:251: chromosome chr1 not found in /home/user2/Desktop/raredisease-dev/reference/grch38_gnomad_reformated_-r3.1.1-.vcf.gz
bix.go:251: chromosome chr1 not found in /home/user2/Desktop/raredisease-dev/reference/grch38_gnomad_reformated_-r3.1.1-.vcf.gz
bix.go:251: chromosome chr1 not found in /home/user2/Desktop/raredisease-dev/reference/grch38_gnomad_reformated_-r3.1.1-.vcf.gz
bix.go:251: chromosome chr1 not found in /home/user2/Desktop/raredisease-dev/reference/grch38_gnomad_reformated_-r3.1.1-.vcf.gz
bix.go:251: chromosome chr1 not found in /home/user2/Desktop/raredisease-dev/reference/grch38_gnomad_reformated_-r3.1.1-.vcf.gz
bix.go:251: chromosome chr1 not found in /home/user2/Desktop/raredisease-dev/reference/grch38_gnomad_reformated_-r3.1.1-.vcf.gz
bix.go:251: chromosome chr1 not found in /home/user2/Desktop/raredisease-dev/reference/grch38_gnomad_reformated_-r3.1.1-.vcf.gz
bix.go:251: chromosome chr1 not found in /home/user2/Desktop/raredisease-dev/reference/grch38_gnomad_reformated_-r3.1.1-.vcf.gz
bix.go:251: chromosome chr1 not found in /home/user2/Desktop/raredisease-dev/reference/grch38_gnomad_reformated_-r3.1.1-.vcf.gz
bix.go:251: chromosome chr1 not found in /home/user2/Desktop/raredisease-dev/reference/grch38_gnomad_reformated_-r3.1.1-.vcf.gz
bix.go:251: chromosome chr1 not found in /home/user2/Desktop/raredisease-dev/reference/grch38_gnomad_reformated_-r3.1.1-.vcf.gz
bix.go:251: chromosome chr1 not found in /home/user2/Desktop/raredisease-dev/reference/grch38_gnomad_reformated_-r3.1.1-.vcf.gz
bix.go:251: chromosome chr1 not found in /home/user2/Desktop/raredisease-dev/reference/grch38_gnomad_reformated_-r3.1.1-.vcf.gz
bix.go:251: chromosome chr1 not found in /home/user2/Desktop/raredisease-dev/reference/grch38_gnomad_reformated_-r3.1.1-.vcf.gz
bix.go:251: chromosome chr1 not found in /home/user2/Desktop/raredisease-dev/reference/grch38_gnomad_reformated_-r3.1.1-.vcf.gz
bix.go:251: chromosome chr1 not found in /home/user2/Desktop/raredisease-dev/reference/grch38_gnomad_reformated_-r3.1.1-.vcf.gz
bix.go:251: chromosome chr1 not found in /home/user2/Desktop/raredisease-dev/reference/grch38_gnomad_reformated_-r3.1.1-.vcf.gz
bix.go:251: chromosome chr1 not found in /home/user2/Desktop/raredisease-dev/reference/grch38_gnomad_reformated_-r3.1.1-.vcf.gz
bix.go:251: chromosome chr2 not found in /home/user2/Desktop/raredisease-dev/reference/grch38_gnomad_reformated_-r3.1.1-.vcf.gz
bix.go:251: chromosome chr2 not found in /home/user2/Desktop/raredisease-dev/reference/grch38_gnomad_reformated_-r3.1.1-.vcf.gz
bix.go:251: chromosome chr2 not found in /home/user2/Desktop/raredisease-dev/reference/grch38_gnomad_reformated_-r3.1.1-.vcf.gz
bix.go:251: chromosome chr2 not found in /home/user2/Desktop/raredisease-dev/reference/grch38_gnomad_reformated_-r3.1.1-.vcf.gz
bix.go:251: chromosome chr2 not found in /home/user2/Desktop/raredisease-dev/reference/grch38_gnomad_reformated_-r3.1.1-.vcf.gz
bix.go:251: chromosome chr2 not found in /home/user2/Desktop/raredisease-dev/reference/grch38_gnomad_reformated_-r3.1.1-.vcf.gz
bix.go:251: chromosome chr2 not found in /home/user2/Desktop/raredisease-dev/reference/grch38_gnomad_reformated_-r3.1.1-.vcf.gz
bix.go:251: chromosome chr2 not found in /home/user2/Desktop/raredisease-dev/reference/grch38_gnomad_reformated_-r3.1.1-.vcf.gz
bix.go:251: chromosome chr2 not found in /home/user2/Desktop/raredisease-dev/reference/grch38_gnomad_reformated_-r3.1.1-.vcf.gz
bix.go:251: chromosome chr2 not found in /home/user2/Desktop/raredisease-dev/reference/grch38_gnomad_reformated_-r3.1.1-.vcf.gz
bix.go:251: chromosome chr2 not found in /home/user2/Desktop/raredisease-dev/reference/grch38_gnomad_reformated_-r3.1.1-.vcf.gz
bix.go:251: chromosome chr2 not found in /home/user2/Desktop/raredisease-dev/reference/grch38_gnomad_reformated_-r3.1.1-.vcf.gz
bix.go:251: chromosome chr2 not found in /home/user2/Desktop/raredisease-dev/reference/grch38_gnomad_reformated_-r3.1.1-.vcf.gz
bix.go:251: chromosome chr2 not found in /home/user2/Desktop/raredisease-dev/reference/grch38_gnomad_reformated_-r3.1.1-.vcf.gz
bix.go:251: chromosome chr2 not found in /home/user2/Desktop/raredisease-dev/reference/grch38_gnomad_reformated_-r3.1.1-.vcf.gz
bix.go:251: chromosome chr2 not found in /home/user2/Desktop/raredisease-dev/reference/grch38_gnomad_reformated_-r3.1.1-.vcf.gz
bix.go:251: chromosome chr2 not found in /home/user2/Desktop/raredisease-dev/reference/grch38_gnomad_reformated_-r3.1.1-.vcf.gz
bix.go:251: chromosome chr2 not found in /home/user2/Desktop/raredisease-dev/reference/grch38_gnomad_reformated_-r3.1.1-.vcf.gz
bix.go:251: chromosome chr2 not found in /home/user2/Desktop/raredisease-dev/reference/grch38_gnomad_reformated_-r3.1.1-.vcf.gz
bix.go:251: chromosome chr2 not found in /home/user2/Desktop/raredisease-dev/reference/grch38_gnomad_reformated_-r3.1.1-.vcf.gz
bix.go:251: chromosome chr2 not found in /home/user2/Desktop/raredisease-dev/reference/grch38_gnomad_reformated_-r3.1.1-.vcf.gz
bix.go:251: chromosome chr2 not found in /home/user2/Desktop/raredisease-dev/reference/grch38_gnomad_reformated_-r3.1.1-.vcf.gz
bix.go:251: chromosome chr2 not found in /home/user2/Desktop/raredisease-dev/reference/grch38_gnomad_reformated_-r3.1.1-.vcf.gz
bix.go:251: chromosome chr2 not found in /home/user2/Desktop/raredisease-dev/reference/grch38_gnomad_reformated_-r3.1.1-.vcf.gz
bix.go:251: chromosome chr3 not found in /home/user2/Desktop/raredisease-dev/reference/grch38_gnomad_reformated_-r3.1.1-.vcf.gz
bix.go:251: chromosome chr3 not found in /home/user2/Desktop/raredisease-dev/reference/grch38_gnomad_reformated_-r3.1.1-.vcf.gz
bix.go:251: chromosome chr3 not found in /home/user2/Desktop/raredisease-dev/reference/grch38_gnomad_reformated_-r3.1.1-.vcf.gz
bix.go:251: chromosome chr3 not found in /home/user2/Desktop/raredisease-dev/reference/grch38_gnomad_reformated_-r3.1.1-.vcf.gz
bix.go:251: chromosome chr3 not found in /home/user2/Desktop/raredisease-dev/reference/grch38_gnomad_reformated_-r3.1.1-.vcf.gz
bix.go:251: chromosome chr3 not found in /home/user2/Desktop/raredisease-dev/reference/grch38_gnomad_reformated_-r3.1.1-.vcf.gz
bix.go:251: chromosome chr3 not found in /home/user2/Desktop/raredisease-dev/reference/grch38_gnomad_reformated_-r3.1.1-.vcf.gz
bix.go:251: chromosome chr3 not found in /home/user2/Desktop/raredisease-dev/reference/grch38_gnomad_reformated_-r3.1.1-.vcf.gz
bix.go:251: chromosome chr3 not found in /home/user2/Desktop/raredisease-dev/reference/grch38_gnomad_reformated_-r3.1.1-.vcf.gz
bix.go:251: chromosome chr3 not found in /home/user2/Desktop/raredisease-dev/reference/grch38_gnomad_reformated_-r3.1.1-.vcf.gz
bix.go:251: chromosome chr3 not found in /home/user2/Desktop/raredisease-dev/reference/grch38_gnomad_reformated_-r3.1.1-.vcf.gz
bix.go:251: chromosome chr3 not found in /home/user2/Desktop/raredisease-dev/reference/grch38_gnomad_reformated_-r3.1.1-.vcf.gz
bix.go:251: chromosome chr3 not found in /home/user2/Desktop/raredisease-dev/reference/grch38_gnomad_reformated_-r3.1.1-.vcf.gz
bix.go:251: chromosome chr3 not found in /home/user2/Desktop/raredisease-dev/reference/grch38_gnomad_reformated_-r3.1.1-.vcf.gz
bix.go:251: chromosome chr3 not found in /home/user2/Desktop/raredisease-dev/reference/grch38_gnomad_reformated_-r3.1.1-.vcf.gz
bix.go:251: chromosome chr3 not found in /home/user2/Desktop/raredisease-dev/reference/grch38_gnomad_reformated_-r3.1.1-.vcf.gz
bix.go:251: chromosome chr3 not found in /home/user2/Desktop/raredisease-dev/reference/grch38_gnomad_reformated_-r3.1.1-.vcf.gz
bix.go:251: chromosome chr4 not found in /home/user2/Desktop/raredisease-dev/reference/grch38_gnomad_reformated_-r3.1.1-.vcf.gz
bix.go:251: chromosome chr4 not found in /home/user2/Desktop/raredisease-dev/reference/grch38_gnomad_reformated_-r3.1.1-.vcf.gz
bix.go:251: chromosome chr4 not found in /home/user2/Desktop/raredisease-dev/reference/grch38_gnomad_reformated_-r3.1.1-.vcf.gz
bix.go:251: chromosome chr4 not found in /home/user2/Desktop/raredisease-dev/reference/grch38_gnomad_reformated_-r3.1.1-.vcf.gz
bix.go:251: chromosome chr4 not found in /home/user2/Desktop/raredisease-dev/reference/grch38_gnomad_reformated_-r3.1.1-.vcf.gz
bix.go:251: chromosome chr4 not found in /home/user2/Desktop/raredisease-dev/reference/grch38_gnomad_reformated_-r3.1.1-.vcf.gz
bix.go:251: chromosome chr4 not found in /home/user2/Desktop/raredisease-dev/reference/grch38_gnomad_reformated_-r3.1.1-.vcf.gz
bix.go:251: chromosome chr4 not found in /home/user2/Desktop/raredisease-dev/reference/grch38_gnomad_reformated_-r3.1.1-.vcf.gz
bix.go:251: chromosome chr4 not found in /home/user2/Desktop/raredisease-dev/reference/grch38_gnomad_reformated_-r3.1.1-.vcf.gz
bix.go:251: chromosome chr4 not found in /home/user2/Desktop/raredisease-dev/reference/grch38_gnomad_reformated_-r3.1.1-.vcf.gz
bix.go:251: chromosome chr4 not found in /home/user2/Desktop/raredisease-dev/reference/grch38_gnomad_reformated_-r3.1.1-.vcf.gz
bix.go:251: chromosome chr4 not found in /home/user2/Desktop/raredisease-dev/reference/grch38_gnomad_reformated_-r3.1.1-.vcf.gz
bix.go:251: chromosome chr4 not found in /home/user2/Desktop/raredisease-dev/reference/grch38_gnomad_reformated_-r3.1.1-.vcf.gz
bix.go:251: chromosome chr4 not found in /home/user2/Desktop/raredisease-dev/reference/grch38_gnomad_reformated_-r3.1.1-.vcf.gz
bix.go:251: chromosome chr4 not found in /home/user2/Desktop/raredisease-dev/reference/grch38_gnomad_reformated_-r3.1.1-.vcf.gz
bix.go:251: chromosome chr4 not found in /home/user2/Desktop/raredisease-dev/reference/grch38_gnomad_reformated_-r3.1.1-.vcf.gz
bix.go:251: chromosome chr5 not found in /home/user2/Desktop/raredisease-dev/reference/grch38_gnomad_reformated_-r3.1.1-.vcf.gz
bix.go:251: chromosome chr5 not found in /home/user2/Desktop/raredisease-dev/reference/grch38_gnomad_reformated_-r3.1.1-.vcf.gz
bix.go:251: chromosome chr5 not found in /home/user2/Desktop/raredisease-dev/reference/grch38_gnomad_reformated_-r3.1.1-.vcf.gz
bix.go:251: chromosome chr5 not found in /home/user2/Desktop/raredisease-dev/reference/grch38_gnomad_reformated_-r3.1.1-.vcf.gz
bix.go:251: chromosome chr5 not found in /home/user2/Desktop/raredisease-dev/reference/grch38_gnomad_reformated_-r3.1.1-.vcf.gz
bix.go:251: chromosome chr5 not found in /home/user2/Desktop/raredisease-dev/reference/grch38_gnomad_reformated_-r3.1.1-.vcf.gz
bix.go:251: chromosome chr5 not found in /home/user2/Desktop/raredisease-dev/reference/grch38_gnomad_reformated_-r3.1.1-.vcf.gz
bix.go:251: chromosome chr5 not found in /home/user2/Desktop/raredisease-dev/reference/grch38_gnomad_reformated_-r3.1.1-.vcf.gz
bix.go:251: chromosome chr5 not found in /home/user2/Desktop/raredisease-dev/reference/grch38_gnomad_reformated_-r3.1.1-.vcf.gz
bix.go:251: chromosome chr5 not found in /home/user2/Desktop/raredisease-dev/reference/grch38_gnomad_reformated_-r3.1.1-.vcf.gz
bix.go:251: chromosome chr5 not found in /home/user2/Desktop/raredisease-dev/reference/grch38_gnomad_reformated_-r3.1.1-.vcf.gz
bix.go:251: chromosome chr5 not found in /home/user2/Desktop/raredisease-dev/reference/grch38_gnomad_reformated_-r3.1.1-.vcf.gz
bix.go:251: chromosome chr5 not found in /home/user2/Desktop/raredisease-dev/reference/grch38_gnomad_reformated_-r3.1.1-.vcf.gz
bix.go:251: chromosome chr5 not found in /home/user2/Desktop/raredisease-dev/reference/grch38_gnomad_reformated_-r3.1.1-.vcf.gz
bix.go:251: chromosome chr5 not found in /home/user2/Desktop/raredisease-dev/reference/grch38_gnomad_reformated_-r3.1.1-.vcf.gz
bix.go:251: chromosome chr5 not found in /home/user2/Desktop/raredisease-dev/reference/grch38_gnomad_reformated_-r3.1.1-.vcf.gz
bix.go:251: chromosome chr6 not found in /home/user2/Desktop/raredisease-dev/reference/grch38_gnomad_reformated_-r3.1.1-.vcf.gz
bix.go:251: chromosome chr6 not found in /home/user2/Desktop/raredisease-dev/reference/grch38_gnomad_reformated_-r3.1.1-.vcf.gz
bix.go:251: chromosome chr6 not found in /home/user2/Desktop/raredisease-dev/reference/grch38_gnomad_reformated_-r3.1.1-.vcf.gz
bix.go:251: chromosome chr6 not found in /home/user2/Desktop/raredisease-dev/reference/grch38_gnomad_reformated_-r3.1.1-.vcf.gz
bix.go:251: chromosome chr6 not found in /home/user2/Desktop/raredisease-dev/reference/grch38_gnomad_reformated_-r3.1.1-.vcf.gz
bix.go:251: chromosome chr6 not found in /home/user2/Desktop/raredisease-dev/reference/grch38_gnomad_reformated_-r3.1.1-.vcf.gz
bix.go:251: chromosome chr6 not found in /home/user2/Desktop/raredisease-dev/reference/grch38_gnomad_reformated_-r3.1.1-.vcf.gz
bix.go:251: chromosome chr6 not found in /home/user2/Desktop/raredisease-dev/reference/grch38_gnomad_reformated_-r3.1.1-.vcf.gz
bix.go:251: chromosome chr6 not found in /home/user2/Desktop/raredisease-dev/reference/grch38_gnomad_reformated_-r3.1.1-.vcf.gz
bix.go:251: chromosome chr6 not found in /home/user2/Desktop/raredisease-dev/reference/grch38_gnomad_reformated_-r3.1.1-.vcf.gz
bix.go:251: chromosome chr6 not found in /home/user2/Desktop/raredisease-dev/reference/grch38_gnomad_reformated_-r3.1.1-.vcf.gz
bix.go:251: chromosome chr6 not found in /home/user2/Desktop/raredisease-dev/reference/grch38_gnomad_reformated_-r3.1.1-.vcf.gz
bix.go:251: chromosome chr6 not found in /home/user2/Desktop/raredisease-dev/reference/grch38_gnomad_reformated_-r3.1.1-.vcf.gz
bix.go:251: chromosome chr6 not found in /home/user2/Desktop/raredisease-dev/reference/grch38_gnomad_reformated_-r3.1.1-.vcf.gz
bix.go:251: chromosome chr6 not found in /home/user2/Desktop/raredisease-dev/reference/grch38_gnomad_reformated_-r3.1.1-.vcf.gz
bix.go:251: chromosome chr7 not found in /home/user2/Desktop/raredisease-dev/reference/grch38_gnomad_reformated_-r3.1.1-.vcf.gz
bix.go:251: chromosome chr7 not found in /home/user2/Desktop/raredisease-dev/reference/grch38_gnomad_reformated_-r3.1.1-.vcf.gz
bix.go:251: chromosome chr7 not found in /home/user2/Desktop/raredisease-dev/reference/grch38_gnomad_reformated_-r3.1.1-.vcf.gz
bix.go:251: chromosome chr7 not found in /home/user2/Desktop/raredisease-dev/reference/grch38_gnomad_reformated_-r3.1.1-.vcf.gz
bix.go:251: chromosome chr7 not found in /home/user2/Desktop/raredisease-dev/reference/grch38_gnomad_reformated_-r3.1.1-.vcf.gz
bix.go:251: chromosome chr7 not found in /home/user2/Desktop/raredisease-dev/reference/grch38_gnomad_reformated_-r3.1.1-.vcf.gz
bix.go:251: chromosome chr7 not found in /home/user2/Desktop/raredisease-dev/reference/grch38_gnomad_reformated_-r3.1.1-.vcf.gz
bix.go:251: chromosome chr7 not found in /home/user2/Desktop/raredisease-dev/reference/grch38_gnomad_reformated_-r3.1.1-.vcf.gz
bix.go:251: chromosome chr7 not found in /home/user2/Desktop/raredisease-dev/reference/grch38_gnomad_reformated_-r3.1.1-.vcf.gz
bix.go:251: chromosome chr7 not found in /home/user2/Desktop/raredisease-dev/reference/grch38_gnomad_reformated_-r3.1.1-.vcf.gz
bix.go:251: chromosome chr7 not found in /home/user2/Desktop/raredisease-dev/reference/grch38_gnomad_reformated_-r3.1.1-.vcf.gz
bix.go:251: chromosome chr7 not found in /home/user2/Desktop/raredisease-dev/reference/grch38_gnomad_reformated_-r3.1.1-.vcf.gz
bix.go:251: chromosome chr7 not found in /home/user2/Desktop/raredisease-dev/reference/grch38_gnomad_reformated_-r3.1.1-.vcf.gz
bix.go:251: chromosome chr7 not found in /home/user2/Desktop/raredisease-dev/reference/grch38_gnomad_reformated_-r3.1.1-.vcf.gz
bix.go:251: chromosome chr7 not found in /home/user2/Desktop/raredisease-dev/reference/grch38_gnomad_reformated_-r3.1.1-.vcf.gz
bix.go:251: chromosome chr7 not found in /home/user2/Desktop/raredisease-dev/reference/grch38_gnomad_reformated_-r3.1.1-.vcf.gz
bix.go:251: chromosome chr7 not found in /home/user2/Desktop/raredisease-dev/reference/grch38_gnomad_reformated_-r3.1.1-.vcf.gz
bix.go:251: chromosome chr7 not found in /home/user2/Desktop/raredisease-dev/reference/grch38_gnomad_reformated_-r3.1.1-.vcf.gz
bix.go:251: chromosome chr8 not found in /home/user2/Desktop/raredisease-dev/reference/grch38_gnomad_reformated_-r3.1.1-.vcf.gz
bix.go:251: chromosome chr8 not found in /home/user2/Desktop/raredisease-dev/reference/grch38_gnomad_reformated_-r3.1.1-.vcf.gz
bix.go:251: chromosome chr8 not found in /home/user2/Desktop/raredisease-dev/reference/grch38_gnomad_reformated_-r3.1.1-.vcf.gz
bix.go:251: chromosome chr8 not found in /home/user2/Desktop/raredisease-dev/reference/grch38_gnomad_reformated_-r3.1.1-.vcf.gz
bix.go:251: chromosome chr8 not found in /home/user2/Desktop/raredisease-dev/reference/grch38_gnomad_reformated_-r3.1.1-.vcf.gz
bix.go:251: chromosome chr8 not found in /home/user2/Desktop/raredisease-dev/reference/grch38_gnomad_reformated_-r3.1.1-.vcf.gz
bix.go:251: chromosome chr8 not found in /home/user2/Desktop/raredisease-dev/reference/grch38_gnomad_reformated_-r3.1.1-.vcf.gz
bix.go:251: chromosome chr8 not found in /home/user2/Desktop/raredisease-dev/reference/grch38_gnomad_reformated_-r3.1.1-.vcf.gz
bix.go:251: chromosome chr8 not found in /home/user2/Desktop/raredisease-dev/reference/grch38_gnomad_reformated_-r3.1.1-.vcf.gz
bix.go:251: chromosome chr8 not found in /home/user2/Desktop/raredisease-dev/reference/grch38_gnomad_reformated_-r3.1.1-.vcf.gz
bix.go:251: chromosome chr8 not found in /home/user2/Desktop/raredisease-dev/reference/grch38_gnomad_reformated_-r3.1.1-.vcf.gz
bix.go:251: chromosome chr8 not found in /home/user2/Desktop/raredisease-dev/reference/grch38_gnomad_reformated_-r3.1.1-.vcf.gz
bix.go:251: chromosome chr9 not found in /home/user2/Desktop/raredisease-dev/reference/grch38_gnomad_reformated_-r3.1.1-.vcf.gz
bix.go:251: chromosome chr9 not found in /home/user2/Desktop/raredisease-dev/reference/grch38_gnomad_reformated_-r3.1.1-.vcf.gz
bix.go:251: chromosome chr9 not found in /home/user2/Desktop/raredisease-dev/reference/grch38_gnomad_reformated_-r3.1.1-.vcf.gz
bix.go:251: chromosome chr9 not found in /home/user2/Desktop/raredisease-dev/reference/grch38_gnomad_reformated_-r3.1.1-.vcf.gz
bix.go:251: chromosome chr9 not found in /home/user2/Desktop/raredisease-dev/reference/grch38_gnomad_reformated_-r3.1.1-.vcf.gz
bix.go:251: chromosome chr9 not found in /home/user2/Desktop/raredisease-dev/reference/grch38_gnomad_reformated_-r3.1.1-.vcf.gz
bix.go:251: chromosome chr9 not found in /home/user2/Desktop/raredisease-dev/reference/grch38_gnomad_reformated_-r3.1.1-.vcf.gz
bix.go:251: chromosome chr9 not found in /home/user2/Desktop/raredisease-dev/reference/grch38_gnomad_reformated_-r3.1.1-.vcf.gz
bix.go:251: chromosome chr9 not found in /home/user2/Desktop/raredisease-dev/reference/grch38_gnomad_reformated_-r3.1.1-.vcf.gz
bix.go:251: chromosome chr9 not found in /home/user2/Desktop/raredisease-dev/reference/grch38_gnomad_reformated_-r3.1.1-.vcf.gz
bix.go:251: chromosome chr9 not found in /home/user2/Desktop/raredisease-dev/reference/grch38_gnomad_reformated_-r3.1.1-.vcf.gz
bix.go:251: chromosome chr9 not found in /home/user2/Desktop/raredisease-dev/reference/grch38_gnomad_reformated_-r3.1.1-.vcf.gz
bix.go:251: chromosome chr9 not found in /home/user2/Desktop/raredisease-dev/reference/grch38_gnomad_reformated_-r3.1.1-.vcf.gz
bix.go:251: chromosome chr9 not found in /home/user2/Desktop/raredisease-dev/reference/grch38_gnomad_reformated_-r3.1.1-.vcf.gz
bix.go:251: chromosome chr9 not found in /home/user2/Desktop/raredisease-dev/reference/grch38_gnomad_reformated_-r3.1.1-.vcf.gz
bix.go:251: chromosome chr9 not found in /home/user2/Desktop/raredisease-dev/reference/grch38_gnomad_reformated_-r3.1.1-.vcf.gz
bix.go:251: chromosome chr9 not found in /home/user2/Desktop/raredisease-dev/reference/grch38_gnomad_reformated_-r3.1.1-.vcf.gz
bix.go:251: chromosome chr9 not found in /home/user2/Desktop/raredisease-dev/reference/grch38_gnomad_reformated_-r3.1.1-.vcf.gz
bix.go:251: chromosome chr9 not found in /home/user2/Desktop/raredisease-dev/reference/grch38_gnomad_reformated_-r3.1.1-.vcf.gz
bix.go:251: chromosome chr10 not found in /home/user2/Desktop/raredisease-dev/reference/grch38_gnomad_reformated_-r3.1.1-.vcf.gz
bix.go:251: chromosome chr10 not found in /home/user2/Desktop/raredisease-dev/reference/grch38_gnomad_reformated_-r3.1.1-.vcf.gz
bix.go:251: chromosome chr10 not found in /home/user2/Desktop/raredisease-dev/reference/grch38_gnomad_reformated_-r3.1.1-.vcf.gz
bix.go:251: chromosome chr10 not found in /home/user2/Desktop/raredisease-dev/reference/grch38_gnomad_reformated_-r3.1.1-.vcf.gz
bix.go:251: chromosome chr10 not found in /home/user2/Desktop/raredisease-dev/reference/grch38_gnomad_reformated_-r3.1.1-.vcf.gz
bix.go:251: chromosome chr10 not found in /home/user2/Desktop/raredisease-dev/reference/grch38_gnomad_reformated_-r3.1.1-.vcf.gz
bix.go:251: chromosome chr10 not found in /home/user2/Desktop/raredisease-dev/reference/grch38_gnomad_reformated_-r3.1.1-.vcf.gz
bix.go:251: chromosome chr10 not found in /home/user2/Desktop/raredisease-dev/reference/grch38_gnomad_reformated_-r3.1.1-.vcf.gz
bix.go:251: chromosome chr10 not found in /home/user2/Desktop/raredisease-dev/reference/grch38_gnomad_reformated_-r3.1.1-.vcf.gz
bix.go:251: chromosome chr10 not found in /home/user2/Desktop/raredisease-dev/reference/grch38_gnomad_reformated_-r3.1.1-.vcf.gz
bix.go:251: chromosome chr11 not found in /home/user2/Desktop/raredisease-dev/reference/grch38_gnomad_reformated_-r3.1.1-.vcf.gz
bix.go:251: chromosome chr11 not found in /home/user2/Desktop/raredisease-dev/reference/grch38_gnomad_reformated_-r3.1.1-.vcf.gz
bix.go:251: chromosome chr11 not found in /home/user2/Desktop/raredisease-dev/reference/grch38_gnomad_reformated_-r3.1.1-.vcf.gz
bix.go:251: chromosome chr11 not found in /home/user2/Desktop/raredisease-dev/reference/grch38_gnomad_reformated_-r3.1.1-.vcf.gz
bix.go:251: chromosome chr11 not found in /home/user2/Desktop/raredisease-dev/reference/grch38_gnomad_reformated_-r3.1.1-.vcf.gz
bix.go:251: chromosome chr11 not found in /home/user2/Desktop/raredisease-dev/reference/grch38_gnomad_reformated_-r3.1.1-.vcf.gz
bix.go:251: chromosome chr11 not found in /home/user2/Desktop/raredisease-dev/reference/grch38_gnomad_reformated_-r3.1.1-.vcf.gz
bix.go:251: chromosome chr11 not found in /home/user2/Desktop/raredisease-dev/reference/grch38_gnomad_reformated_-r3.1.1-.vcf.gz
bix.go:251: chromosome chr11 not found in /home/user2/Desktop/raredisease-dev/reference/grch38_gnomad_reformated_-r3.1.1-.vcf.gz
bix.go:251: chromosome chr11 not found in /home/user2/Desktop/raredisease-dev/reference/grch38_gnomad_reformated_-r3.1.1-.vcf.gz
bix.go:251: chromosome chr11 not found in /home/user2/Desktop/raredisease-dev/reference/grch38_gnomad_reformated_-r3.1.1-.vcf.gz
bix.go:251: chromosome chr11 not found in /home/user2/Desktop/raredisease-dev/reference/grch38_gnomad_reformated_-r3.1.1-.vcf.gz
bix.go:251: chromosome chr11 not found in /home/user2/Desktop/raredisease-dev/reference/grch38_gnomad_reformated_-r3.1.1-.vcf.gz
bix.go:251: chromosome chr11 not found in /home/user2/Desktop/raredisease-dev/reference/grch38_gnomad_reformated_-r3.1.1-.vcf.gz
bix.go:251: chromosome chr11 not found in /home/user2/Desktop/raredisease-dev/reference/grch38_gnomad_reformated_-r3.1.1-.vcf.gz
bix.go:251: chromosome chr11 not found in /home/user2/Desktop/raredisease-dev/reference/grch38_gnomad_reformated_-r3.1.1-.vcf.gz
bix.go:251: chromosome chr12 not found in /home/user2/Desktop/raredisease-dev/reference/grch38_gnomad_reformated_-r3.1.1-.vcf.gz
bix.go:251: chromosome chr12 not found in /home/user2/Desktop/raredisease-dev/reference/grch38_gnomad_reformated_-r3.1.1-.vcf.gz
bix.go:251: chromosome chr12 not found in /home/user2/Desktop/raredisease-dev/reference/grch38_gnomad_reformated_-r3.1.1-.vcf.gz
bix.go:251: chromosome chr12 not found in /home/user2/Desktop/raredisease-dev/reference/grch38_gnomad_reformated_-r3.1.1-.vcf.gz
bix.go:251: chromosome chr12 not found in /home/user2/Desktop/raredisease-dev/reference/grch38_gnomad_reformated_-r3.1.1-.vcf.gz
bix.go:251: chromosome chr12 not found in /home/user2/Desktop/raredisease-dev/reference/grch38_gnomad_reformated_-r3.1.1-.vcf.gz
bix.go:251: chromosome chr12 not found in /home/user2/Desktop/raredisease-dev/reference/grch38_gnomad_reformated_-r3.1.1-.vcf.gz
bix.go:251: chromosome chr12 not found in /home/user2/Desktop/raredisease-dev/reference/grch38_gnomad_reformated_-r3.1.1-.vcf.gz
bix.go:251: chromosome chr12 not found in /home/user2/Desktop/raredisease-dev/reference/grch38_gnomad_reformated_-r3.1.1-.vcf.gz
bix.go:251: chromosome chr12 not found in /home/user2/Desktop/raredisease-dev/reference/grch38_gnomad_reformated_-r3.1.1-.vcf.gz
bix.go:251: chromosome chr12 not found in /home/user2/Desktop/raredisease-dev/reference/grch38_gnomad_reformated_-r3.1.1-.vcf.gz
bix.go:251: chromosome chr12 not found in /home/user2/Desktop/raredisease-dev/reference/grch38_gnomad_reformated_-r3.1.1-.vcf.gz
bix.go:251: chromosome chr13 not found in /home/user2/Desktop/raredisease-dev/reference/grch38_gnomad_reformated_-r3.1.1-.vcf.gz
bix.go:251: chromosome chr13 not found in /home/user2/Desktop/raredisease-dev/reference/grch38_gnomad_reformated_-r3.1.1-.vcf.gz
bix.go:251: chromosome chr13 not found in /home/user2/Desktop/raredisease-dev/reference/grch38_gnomad_reformated_-r3.1.1-.vcf.gz
bix.go:251: chromosome chr13 not found in /home/user2/Desktop/raredisease-dev/reference/grch38_gnomad_reformated_-r3.1.1-.vcf.gz
bix.go:251: chromosome chr13 not found in /home/user2/Desktop/raredisease-dev/reference/grch38_gnomad_reformated_-r3.1.1-.vcf.gz
bix.go:251: chromosome chr13 not found in /home/user2/Desktop/raredisease-dev/reference/grch38_gnomad_reformated_-r3.1.1-.vcf.gz
bix.go:251: chromosome chr13 not found in /home/user2/Desktop/raredisease-dev/reference/grch38_gnomad_reformated_-r3.1.1-.vcf.gz
bix.go:251: chromosome chr14 not found in /home/user2/Desktop/raredisease-dev/reference/grch38_gnomad_reformated_-r3.1.1-.vcf.gz
bix.go:251: chromosome chr14 not found in /home/user2/Desktop/raredisease-dev/reference/grch38_gnomad_reformated_-r3.1.1-.vcf.gz
bix.go:251: chromosome chr14 not found in /home/user2/Desktop/raredisease-dev/reference/grch38_gnomad_reformated_-r3.1.1-.vcf.gz
bix.go:251: chromosome chr14 not found in /home/user2/Desktop/raredisease-dev/reference/grch38_gnomad_reformated_-r3.1.1-.vcf.gz
bix.go:251: chromosome chr14 not found in /home/user2/Desktop/raredisease-dev/reference/grch38_gnomad_reformated_-r3.1.1-.vcf.gz
bix.go:251: chromosome chr14 not found in /home/user2/Desktop/raredisease-dev/reference/grch38_gnomad_reformated_-r3.1.1-.vcf.gz
bix.go:251: chromosome chr14 not found in /home/user2/Desktop/raredisease-dev/reference/grch38_gnomad_reformated_-r3.1.1-.vcf.gz
bix.go:251: chromosome chr14 not found in /home/user2/Desktop/raredisease-dev/reference/grch38_gnomad_reformated_-r3.1.1-.vcf.gz
bix.go:251: chromosome chr15 not found in /home/user2/Desktop/raredisease-dev/reference/grch38_gnomad_reformated_-r3.1.1-.vcf.gz
bix.go:251: chromosome chr15 not found in /home/user2/Desktop/raredisease-dev/reference/grch38_gnomad_reformated_-r3.1.1-.vcf.gz
bix.go:251: chromosome chr15 not found in /home/user2/Desktop/raredisease-dev/reference/grch38_gnomad_reformated_-r3.1.1-.vcf.gz
bix.go:251: chromosome chr15 not found in /home/user2/Desktop/raredisease-dev/reference/grch38_gnomad_reformated_-r3.1.1-.vcf.gz
bix.go:251: chromosome chr15 not found in /home/user2/Desktop/raredisease-dev/reference/grch38_gnomad_reformated_-r3.1.1-.vcf.gz
bix.go:251: chromosome chr15 not found in /home/user2/Desktop/raredisease-dev/reference/grch38_gnomad_reformated_-r3.1.1-.vcf.gz
bix.go:251: chromosome chr15 not found in /home/user2/Desktop/raredisease-dev/reference/grch38_gnomad_reformated_-r3.1.1-.vcf.gz
bix.go:251: chromosome chr15 not found in /home/user2/Desktop/raredisease-dev/reference/grch38_gnomad_reformated_-r3.1.1-.vcf.gz
bix.go:251: chromosome chr15 not found in /home/user2/Desktop/raredisease-dev/reference/grch38_gnomad_reformated_-r3.1.1-.vcf.gz
bix.go:251: chromosome chr15 not found in /home/user2/Desktop/raredisease-dev/reference/grch38_gnomad_reformated_-r3.1.1-.vcf.gz
bix.go:251: chromosome chr15 not found in /home/user2/Desktop/raredisease-dev/reference/grch38_gnomad_reformated_-r3.1.1-.vcf.gz
bix.go:251: chromosome chr15 not found in /home/user2/Desktop/raredisease-dev/reference/grch38_gnomad_reformated_-r3.1.1-.vcf.gz
bix.go:251: chromosome chr16 not found in /home/user2/Desktop/raredisease-dev/reference/grch38_gnomad_reformated_-r3.1.1-.vcf.gz
bix.go:251: chromosome chr16 not found in /home/user2/Desktop/raredisease-dev/reference/grch38_gnomad_reformated_-r3.1.1-.vcf.gz
bix.go:251: chromosome chr16 not found in /home/user2/Desktop/raredisease-dev/reference/grch38_gnomad_reformated_-r3.1.1-.vcf.gz
bix.go:251: chromosome chr16 not found in /home/user2/Desktop/raredisease-dev/reference/grch38_gnomad_reformated_-r3.1.1-.vcf.gz
bix.go:251: chromosome chr16 not found in /home/user2/Desktop/raredisease-dev/reference/grch38_gnomad_reformated_-r3.1.1-.vcf.gz
bix.go:251: chromosome chr16 not found in /home/user2/Desktop/raredisease-dev/reference/grch38_gnomad_reformated_-r3.1.1-.vcf.gz
bix.go:251: chromosome chr16 not found in /home/user2/Desktop/raredisease-dev/reference/grch38_gnomad_reformated_-r3.1.1-.vcf.gz
bix.go:251: chromosome chr16 not found in /home/user2/Desktop/raredisease-dev/reference/grch38_gnomad_reformated_-r3.1.1-.vcf.gz
bix.go:251: chromosome chr16 not found in /home/user2/Desktop/raredisease-dev/reference/grch38_gnomad_reformated_-r3.1.1-.vcf.gz
bix.go:251: chromosome chr16 not found in /home/user2/Desktop/raredisease-dev/reference/grch38_gnomad_reformated_-r3.1.1-.vcf.gz
bix.go:251: chromosome chr16 not found in /home/user2/Desktop/raredisease-dev/reference/grch38_gnomad_reformated_-r3.1.1-.vcf.gz
bix.go:251: chromosome chr16 not found in /home/user2/Desktop/raredisease-dev/reference/grch38_gnomad_reformated_-r3.1.1-.vcf.gz
bix.go:251: chromosome chr16 not found in /home/user2/Desktop/raredisease-dev/reference/grch38_gnomad_reformated_-r3.1.1-.vcf.gz
bix.go:251: chromosome chr16 not found in /home/user2/Desktop/raredisease-dev/reference/grch38_gnomad_reformated_-r3.1.1-.vcf.gz
bix.go:251: chromosome chr17 not found in /home/user2/Desktop/raredisease-dev/reference/grch38_gnomad_reformated_-r3.1.1-.vcf.gz
bix.go:251: chromosome chr17 not found in /home/user2/Desktop/raredisease-dev/reference/grch38_gnomad_reformated_-r3.1.1-.vcf.gz
bix.go:251: chromosome chr17 not found in /home/user2/Desktop/raredisease-dev/reference/grch38_gnomad_reformated_-r3.1.1-.vcf.gz
bix.go:251: chromosome chr17 not found in /home/user2/Desktop/raredisease-dev/reference/grch38_gnomad_reformated_-r3.1.1-.vcf.gz
bix.go:251: chromosome chr17 not found in /home/user2/Desktop/raredisease-dev/reference/grch38_gnomad_reformated_-r3.1.1-.vcf.gz
bix.go:251: chromosome chr17 not found in /home/user2/Desktop/raredisease-dev/reference/grch38_gnomad_reformated_-r3.1.1-.vcf.gz
bix.go:251: chromosome chr17 not found in /home/user2/Desktop/raredisease-dev/reference/grch38_gnomad_reformated_-r3.1.1-.vcf.gz
bix.go:251: chromosome chr17 not found in /home/user2/Desktop/raredisease-dev/reference/grch38_gnomad_reformated_-r3.1.1-.vcf.gz
bix.go:251: chromosome chr17 not found in /home/user2/Desktop/raredisease-dev/reference/grch38_gnomad_reformated_-r3.1.1-.vcf.gz
bix.go:251: chromosome chr17 not found in /home/user2/Desktop/raredisease-dev/reference/grch38_gnomad_reformated_-r3.1.1-.vcf.gz
bix.go:251: chromosome chr17 not found in /home/user2/Desktop/raredisease-dev/reference/grch38_gnomad_reformated_-r3.1.1-.vcf.gz
bix.go:251: chromosome chr17 not found in /home/user2/Desktop/raredisease-dev/reference/grch38_gnomad_reformated_-r3.1.1-.vcf.gz
bix.go:251: chromosome chr18 not found in /home/user2/Desktop/raredisease-dev/reference/grch38_gnomad_reformated_-r3.1.1-.vcf.gz
bix.go:251: chromosome chr18 not found in /home/user2/Desktop/raredisease-dev/reference/grch38_gnomad_reformated_-r3.1.1-.vcf.gz
bix.go:251: chromosome chr18 not found in /home/user2/Desktop/raredisease-dev/reference/grch38_gnomad_reformated_-r3.1.1-.vcf.gz
bix.go:251: chromosome chr18 not found in /home/user2/Desktop/raredisease-dev/reference/grch38_gnomad_reformated_-r3.1.1-.vcf.gz
bix.go:251: chromosome chr18 not found in /home/user2/Desktop/raredisease-dev/reference/grch38_gnomad_reformated_-r3.1.1-.vcf.gz
bix.go:251: chromosome chr18 not found in /home/user2/Desktop/raredisease-dev/reference/grch38_gnomad_reformated_-r3.1.1-.vcf.gz
bix.go:251: chromosome chr18 not found in /home/user2/Desktop/raredisease-dev/reference/grch38_gnomad_reformated_-r3.1.1-.vcf.gz
bix.go:251: chromosome chr18 not found in /home/user2/Desktop/raredisease-dev/reference/grch38_gnomad_reformated_-r3.1.1-.vcf.gz
bix.go:251: chromosome chr18 not found in /home/user2/Desktop/raredisease-dev/reference/grch38_gnomad_reformated_-r3.1.1-.vcf.gz
bix.go:251: chromosome chr18 not found in /home/user2/Desktop/raredisease-dev/reference/grch38_gnomad_reformated_-r3.1.1-.vcf.gz
bix.go:251: chromosome chr18 not found in /home/user2/Desktop/raredisease-dev/reference/grch38_gnomad_reformated_-r3.1.1-.vcf.gz
bix.go:251: chromosome chr18 not found in /home/user2/Desktop/raredisease-dev/reference/grch38_gnomad_reformated_-r3.1.1-.vcf.gz
bix.go:251: chromosome chr18 not found in /home/user2/Desktop/raredisease-dev/reference/grch38_gnomad_reformated_-r3.1.1-.vcf.gz
bix.go:251: chromosome chr19 not found in /home/user2/Desktop/raredisease-dev/reference/grch38_gnomad_reformated_-r3.1.1-.vcf.gz
bix.go:251: chromosome chr19 not found in /home/user2/Desktop/raredisease-dev/reference/grch38_gnomad_reformated_-r3.1.1-.vcf.gz
bix.go:251: chromosome chr19 not found in /home/user2/Desktop/raredisease-dev/reference/grch38_gnomad_reformated_-r3.1.1-.vcf.gz
bix.go:251: chromosome chr19 not found in /home/user2/Desktop/raredisease-dev/reference/grch38_gnomad_reformated_-r3.1.1-.vcf.gz
bix.go:251: chromosome chr19 not found in /home/user2/Desktop/raredisease-dev/reference/grch38_gnomad_reformated_-r3.1.1-.vcf.gz
bix.go:251: chromosome chr19 not found in /home/user2/Desktop/raredisease-dev/reference/grch38_gnomad_reformated_-r3.1.1-.vcf.gz
bix.go:251: chromosome chr19 not found in /home/user2/Desktop/raredisease-dev/reference/grch38_gnomad_reformated_-r3.1.1-.vcf.gz
bix.go:251: chromosome chr19 not found in /home/user2/Desktop/raredisease-dev/reference/grch38_gnomad_reformated_-r3.1.1-.vcf.gz
bix.go:251: chromosome chr19 not found in /home/user2/Desktop/raredisease-dev/reference/grch38_gnomad_reformated_-r3.1.1-.vcf.gz
bix.go:251: chromosome chr21 not found in /home/user2/Desktop/raredisease-dev/reference/grch38_gnomad_reformated_-r3.1.1-.vcf.gz
bix.go:251: chromosome chr21 not found in /home/user2/Desktop/raredisease-dev/reference/grch38_gnomad_reformated_-r3.1.1-.vcf.gz
bix.go:251: chromosome chr21 not found in /home/user2/Desktop/raredisease-dev/reference/grch38_gnomad_reformated_-r3.1.1-.vcf.gz
bix.go:251: chromosome chr21 not found in /home/user2/Desktop/raredisease-dev/reference/grch38_gnomad_reformated_-r3.1.1-.vcf.gz
bix.go:251: chromosome chr21 not found in /home/user2/Desktop/raredisease-dev/reference/grch38_gnomad_reformated_-r3.1.1-.vcf.gz
bix.go:251: chromosome chr21 not found in /home/user2/Desktop/raredisease-dev/reference/grch38_gnomad_reformated_-r3.1.1-.vcf.gz
bix.go:251: chromosome chr21 not found in /home/user2/Desktop/raredisease-dev/reference/grch38_gnomad_reformated_-r3.1.1-.vcf.gz
bix.go:251: chromosome chr21 not found in /home/user2/Desktop/raredisease-dev/reference/grch38_gnomad_reformated_-r3.1.1-.vcf.gz
bix.go:251: chromosome chr21 not found in /home/user2/Desktop/raredisease-dev/reference/grch38_gnomad_reformated_-r3.1.1-.vcf.gz
bix.go:251: chromosome chr21 not found in /home/user2/Desktop/raredisease-dev/reference/grch38_gnomad_reformated_-r3.1.1-.vcf.gz
bix.go:251: chromosome chr22 not found in /home/user2/Desktop/raredisease-dev/reference/grch38_gnomad_reformated_-r3.1.1-.vcf.gz
bix.go:251: chromosome chr21 not found in /home/user2/Desktop/raredisease-dev/reference/grch38_gnomad_reformated_-r3.1.1-.vcf.gz
bix.go:251: chromosome chr22 not found in /home/user2/Desktop/raredisease-dev/reference/grch38_gnomad_reformated_-r3.1.1-.vcf.gz
bix.go:251: chromosome chr22 not found in /home/user2/Desktop/raredisease-dev/reference/grch38_gnomad_reformated_-r3.1.1-.vcf.gz
bix.go:251: chromosome chr22 not found in /home/user2/Desktop/raredisease-dev/reference/grch38_gnomad_reformated_-r3.1.1-.vcf.gz
bix.go:251: chromosome chr22 not found in /home/user2/Desktop/raredisease-dev/reference/grch38_gnomad_reformated_-r3.1.1-.vcf.gz
bix.go:251: chromosome chrX not found in /home/user2/Desktop/raredisease-dev/reference/grch38_gnomad_reformated_-r3.1.1-.vcf.gz
bix.go:251: chromosome chrX not found in /home/user2/Desktop/raredisease-dev/reference/grch38_gnomad_reformated_-r3.1.1-.vcf.gz
bix.go:251: chromosome chrX not found in /home/user2/Desktop/raredisease-dev/reference/grch38_gnomad_reformated_-r3.1.1-.vcf.gz
bix.go:251: chromosome chrX not found in /home/user2/Desktop/raredisease-dev/reference/grch38_gnomad_reformated_-r3.1.1-.vcf.gz
bix.go:251: chromosome chrX not found in /home/user2/Desktop/raredisease-dev/reference/grch38_gnomad_reformated_-r3.1.1-.vcf.gz
bix.go:251: chromosome chrX not found in /home/user2/Desktop/raredisease-dev/reference/grch38_gnomad_reformated_-r3.1.1-.vcf.gz
bix.go:251: chromosome chrX not found in /home/user2/Desktop/raredisease-dev/reference/grch38_gnomad_reformated_-r3.1.1-.vcf.gz
bix.go:251: chromosome chrX not found in /home/user2/Desktop/raredisease-dev/reference/grch38_gnomad_reformated_-r3.1.1-.vcf.gz
bix.go:251: chromosome chrX not found in /home/user2/Desktop/raredisease-dev/reference/grch38_gnomad_reformated_-r3.1.1-.vcf.gz
bix.go:251: chromosome chrX not found in /home/user2/Desktop/raredisease-dev/reference/grch38_gnomad_reformated_-r3.1.1-.vcf.gz
bix.go:251: chromosome chrX not found in /home/user2/Desktop/raredisease-dev/reference/grch38_gnomad_reformated_-r3.1.1-.vcf.gz
bix.go:251: chromosome chrX not found in /home/user2/Desktop/raredisease-dev/reference/grch38_gnomad_reformated_-r3.1.1-.vcf.gz
bix.go:251: chromosome chrX not found in /home/user2/Desktop/raredisease-dev/reference/grch38_gnomad_reformated_-r3.1.1-.vcf.gz
bix.go:251: chromosome chrX not found in /home/user2/Desktop/raredisease-dev/reference/grch38_gnomad_reformated_-r3.1.1-.vcf.gz
bix.go:251: chromosome chrX not found in /home/user2/Desktop/raredisease-dev/reference/grch38_gnomad_reformated_-r3.1.1-.vcf.gz
bix.go:251: chromosome chrX not found in /home/user2/Desktop/raredisease-dev/reference/grch38_gnomad_reformated_-r3.1.1-.vcf.gz
bix.go:251: chromosome chrX not found in /home/user2/Desktop/raredisease-dev/reference/grch38_gnomad_reformated_-r3.1.1-.vcf.gz
bix.go:251: chromosome chrX not found in /home/user2/Desktop/raredisease-dev/reference/grch38_gnomad_reformated_-r3.1.1-.vcf.gz
bix.go:251: chromosome chrX not found in /home/user2/Desktop/raredisease-dev/reference/grch38_gnomad_reformated_-r3.1.1-.vcf.gz
bix.go:251: chromosome chrX not found in /home/user2/Desktop/raredisease-dev/reference/grch38_gnomad_reformated_-r3.1.1-.vcf.gz
bix.go:251: chromosome chrX not found in /home/user2/Desktop/raredisease-dev/reference/grch38_gnomad_reformated_-r3.1.1-.vcf.gz
bix.go:251: chromosome chrY not found in /home/user2/Desktop/raredisease-dev/reference/grch38_gnomad_reformated_-r3.1.1-.vcf.gz
bix.go:251: chromosome chrY not found in /home/user2/Desktop/raredisease-dev/reference/grch38_gnomad_reformated_-r3.1.1-.vcf.gz
bix.go:251: chromosome chrY not found in /home/user2/Desktop/raredisease-dev/reference/grch38_gnomad_reformated_-r3.1.1-.vcf.gz
bix.go:251: chromosome chrY not found in /home/user2/Desktop/raredisease-dev/reference/grch38_gnomad_reformated_-r3.1.1-.vcf.gz
bix.go:251: chromosome chrY not found in /home/user2/Desktop/raredisease-dev/reference/grch38_gnomad_reformated_-r3.1.1-.vcf.gz
bix.go:251: chromosome chrY not found in /home/user2/Desktop/raredisease-dev/reference/grch38_gnomad_reformated_-r3.1.1-.vcf.gz
bix.go:251: chromosome chrY not found in /home/user2/Desktop/raredisease-dev/reference/grch38_gnomad_reformated_-r3.1.1-.vcf.gz
bix.go:251: chromosome chrY not found in /home/user2/Desktop/raredisease-dev/reference/grch38_gnomad_reformated_-r3.1.1-.vcf.gz
bix.go:251: chromosome chrY not found in /home/user2/Desktop/raredisease-dev/reference/grch38_gnomad_reformated_-r3.1.1-.vcf.gz
bix.go:251: chromosome chrY not found in /home/user2/Desktop/raredisease-dev/reference/grch38_gnomad_reformated_-r3.1.1-.vcf.gz
bix.go:251: chromosome chrY not found in /home/user2/Desktop/raredisease-dev/reference/grch38_gnomad_reformated_-r3.1.1-.vcf.gz
bix.go:251: chromosome chrM not found in /home/user2/Desktop/raredisease-dev/reference/grch38_gnomad_reformated_-r3.1.1-.vcf.gz
bix.go:251: chromosome chrY not found in /home/user2/Desktop/raredisease-dev/reference/grch38_gnomad_reformated_-r3.1.1-.vcf.gz
vcfanno.go:250: annotated 386103 variants in 2.30 seconds (167887.8 / second)
